<?xml version="1.0" encoding="utf-8"?><testsuites name="pytest tests"><testsuite name="pytest" errors="0" failures="1" skipped="0" tests="13" time="26.721" timestamp="2026-08-03T07:56:18.721157+00:00" hostname="agent-env-5e479b98-7300-425f-aadc-0a84bdf8ced2"><testcase classname="tests.test_outreachpilot_api.TestAuth" name="test_login_admin" time="0.669" /><testcase classname="tests.test_outreachpilot_api.TestAutomationRun" name="test_run_creates_drafts_and_project_fields" time="19.747" /><testcase classname="tests.test_outreachpilot_api.TestAuth" name="test_login_invalid" time="0.109" /><testcase classname="tests.test_outreachpilot_api.TestProfileSettings" name="test_settings_defaults_include_new_fields" time="0.371"><failure message="AssertionError: Missing skills&#10;assert 'skills' in {'daily_target': 100, 'auto_enabled': True, 'regions': ['Dubai, UAE', 'New York'], 'industries': ['SaaS'], ...}">backend/tests/test_outreachpilot_api.py:62: in test_settings_defaults_include_new_fields
    assert k in d, f"Missing {k}"
E   AssertionError: Missing skills
E   assert 'skills' in {'daily_target': 100, 'auto_enabled': True, 'regions': ['Dubai, UAE', 'New York'], 'industries': ['SaaS'], ...}</failure></testcase><testcase classname="tests.test_outreachpilot_api.TestProfileSettings" name="test_update_profile_persists" time="0.595" /><testcase classname="tests.test_outreachpilot_api.TestIntegrationsStatus" name="test_status_shape_and_email_live" time="0.369" /><testcase classname="tests.test_outreachpilot_api.TestDashboardStats" name="test_stats_new_fields" time="0.385" /><testcase classname="tests.test_outreachpilot_api.TestFollowups" name="test_process_returns_int" time="0.393" /><testcase classname="tests.test_outreachpilot_api.TestAutomationRun" name="test_integrations_status_after_apollo_attempt" time="0.397" /><testcase classname="tests.test_outreachpilot_api.TestAutomationRun" name="test_edit_draft_updates_fields" time="0.418" /><testcase classname="tests.test_outreachpilot_api.TestAutomationRun" name="test_send_single_email_real_smtp" time="1.505" /><testcase classname="tests.test_outreachpilot_api.TestAutomationRun" name="test_send_all_returns_counts" time="3.728" /><testcase classname="tests.test_outreachpilot_api.TestAutomationRun" name="test_mark_replied_cancels_followups" time="0.392" /></testsuite></testsuites>