<?xml version="1.0" encoding="utf-8"?><testsuites name="pytest tests"><testsuite name="pytest" errors="0" failures="0" skipped="0" tests="14" time="12.945" timestamp="2026-08-02T18:14:15.767970+00:00" hostname="agent-env-5e479b98-7300-425f-aadc-0a84bdf8ced2"><testcase classname="tests.test_outreachpilot_api.TestAuth" name="test_login_invalid" time="0.205" /><testcase classname="tests.test_outreachpilot_api.TestAuth" name="test_login_admin_and_cookies" time="0.805" /><testcase classname="tests.test_outreachpilot_api.TestAutomationRun" name="test_automation_run_generates_leads_and_emails" time="11.186" /><testcase classname="tests.test_outreachpilot_api.TestAuth" name="test_me_unauth" time="0.138" /><testcase classname="tests.test_outreachpilot_api.TestAuth" name="test_register_and_login" time="0.544" /><testcase classname="tests.test_outreachpilot_api.TestAuth" name="test_logout_clears_session" time="0.432" /><testcase classname="tests.test_outreachpilot_api.TestSettings" name="test_get_settings_defaults" time="0.443" /><testcase classname="tests.test_outreachpilot_api.TestSettings" name="test_update_settings_persists" time="0.492" /><testcase classname="tests.test_outreachpilot_api.TestDashboard" name="test_dashboard_stats_shape" time="0.375" /><testcase classname="tests.test_outreachpilot_api.TestDashboard" name="test_activity_list" time="0.375" /><testcase classname="tests.test_outreachpilot_api.TestHealth" name="test_api_root" time="0.109" /><testcase classname="tests.test_outreachpilot_api.TestAutomationRun" name="test_leads_endpoint_returns_generated" time="0.419" /><testcase classname="tests.test_outreachpilot_api.TestAutomationRun" name="test_emails_endpoint_email_channel" time="0.389" /><testcase classname="tests.test_outreachpilot_api.TestAutomationRun" name="test_emails_endpoint_whatsapp_channel" time="0.360" /></testsuite></testsuites>